<?xml version="1.0" encoding="UTF-8"?>
<databaseChangeLog
        xmlns="http://www.liquibase.org/xml/ns/dbchangelog"
        xmlns:xsi="http://www.w3.org/2001/XMLSchema-instance"
        xsi:schemaLocation="http://www.liquibase.org/xml/ns/dbchangelog http://www.liquibase.org/xml/ns/dbchangelog/dbchangelog-4.4.xsd">

    <changeSet id="1.1" author="ykotsiuba">
        <insert tableName="books">
            <column name="id" value="00000000-0000-0000-0000-000000000001"/>
            <column name="title" value="Book Title 1"/>
            <column name="author" value="Author 1"/>
            <column name="isbn" value="ISBN-1234567890"/>
            <column name="quantity" value="10"/>
        </insert>
        <insert tableName="books">
            <column name="id" value="00000000-0000-0000-0000-000000000002"/>
            <column name="title" value="Book Title 2"/>
            <column name="author" value="Author 2"/>
            <column name="isbn" value="ISBN-0987654321"/>
            <column name="quantity" value="5"/>
        </insert>
    </changeSet>
</databaseChangeLog>