<?xml version="1.0" encoding="UTF-8"?>
<testsuite name="com.ykotsiuba.bookstore.service.BookServiceImplTest" time="0.0" tests="1" errors="0" skipped="0" failures="0">
    <testcase name="Service_test" classname="com.ykotsiuba.bookstore.service.BookServiceImplTest" time="0.0"/>
</testsuite>